<?xml version="1.0" encoding="UTF-8"?>
<!-- Generated by org.testng.reporters.JUnitReportReporter -->
<testsuite hostname="ABHINAV-PC" failures="0" tests="1" name="computers.Computer" time="10.471" errors="0" timestamp="2024-11-13T13:17:23 IST" skipped="0">
  <testcase classname="computers.Computer" name="clickOnComputer" time="10.471"/>
  <system-out/>
</testsuite> <!-- computers.Computer -->
